{"C:\\Users\\pinup\\Desktop\\code\\sailendra_node\\sailendra_calculator\\index.js":{"path":"C:\\Users\\pinup\\Desktop\\code\\sailendra_node\\sailendra_calculator\\index.js","s":{"1":1,"2":2,"3":1,"4":1,"5":1,"6":0,"7":0,"8":0,"9":0,"10":0,"11":0},"b":{"1":[1,1],"2":[1,0],"3":[0,0],"4":[0,0],"5":[0,0]},"f":{"1":2},"fnMap":{"1":{"name":"(anonymous_1)","line":1,"loc":{"start":{"line":1,"column":17},"end":{"line":1,"column":37}}}},"statementMap":{"1":{"start":{"line":1,"column":0},"end":{"line":13,"column":2}},"2":{"start":{"line":2,"column":4},"end":{"line":12,"column":5}},"3":{"start":{"line":3,"column":8},"end":{"line":3,"column":21}},"4":{"start":{"line":4,"column":11},"end":{"line":12,"column":5}},"5":{"start":{"line":5,"column":8},"end":{"line":5,"column":21}},"6":{"start":{"line":6,"column":11},"end":{"line":12,"column":5}},"7":{"start":{"line":7,"column":8},"end":{"line":7,"column":21}},"8":{"start":{"line":8,"column":11},"end":{"line":12,"column":5}},"9":{"start":{"line":9,"column":8},"end":{"line":9,"column":21}},"10":{"start":{"line":10,"column":11},"end":{"line":12,"column":5}},"11":{"start":{"line":11,"column":8},"end":{"line":11,"column":21}}},"branchMap":{"1":{"line":2,"type":"if","locations":[{"start":{"line":2,"column":4},"end":{"line":2,"column":4}},{"start":{"line":2,"column":4},"end":{"line":2,"column":4}}]},"2":{"line":4,"type":"if","locations":[{"start":{"line":4,"column":11},"end":{"line":4,"column":11}},{"start":{"line":4,"column":11},"end":{"line":4,"column":11}}]},"3":{"line":6,"type":"if","locations":[{"start":{"line":6,"column":11},"end":{"line":6,"column":11}},{"start":{"line":6,"column":11},"end":{"line":6,"column":11}}]},"4":{"line":8,"type":"if","locations":[{"start":{"line":8,"column":11},"end":{"line":8,"column":11}},{"start":{"line":8,"column":11},"end":{"line":8,"column":11}}]},"5":{"line":10,"type":"if","locations":[{"start":{"line":10,"column":11},"end":{"line":10,"column":11}},{"start":{"line":10,"column":11},"end":{"line":10,"column":11}}]}}}}